[2026-07-23T06:55:30.860Z] GET /api/projects
Headers: {"host":"127.0.0.1:3001","user-agent":"curl/7.88.1","accept":"*/*","x-forwarded-for":"127.0.0.1","x-forwarded-port":"3000","x-forwarded-proto":"http","x-forwarded-host":"localhost:3000","connection":"close"}
Body: undefined
Error: CredentialsProviderError - Could not load credentials from any providers
Stack: CredentialsProviderError: Could not load credentials from any providers
    at /app/applet/node_modules/.bun/@aws-sdk+credential-provider-node@3.972.71/node_modules/@aws-sdk/credential-provider-node/dist-cjs/index.js:153:15
    at /app/applet/node_modules/.bun/@aws-sdk+credential-provider-node@3.972.71/node_modules/@aws-sdk/credential-provider-node/dist-cjs/index.js:80:26
    at process.processTicksAndRejections (node:internal/process/task_queues:103:5)
    at async provider (/app/applet/node_modules/.bun/@aws-sdk+credential-provider-node@3.972.71/node_modules/@aws-sdk/credential-provider-node/dist-cjs/index.js:47:13)
    at async /app/applet/node_modules/.bun/@smithy+core@3.29.7/node_modules/@smithy/core/dist-cjs/index.js:59:23
    at async /app/applet/node_modules/.bun/@aws-sdk+middleware-sdk-s3@3.972.65/node_modules/@aws-sdk/middleware-sdk-s3/dist-cjs/submodules/s3/index.js:89:20
    at async /app/applet/node_modules/.bun/@aws-sdk+core@3.976.0/node_modules/@aws-sdk/core/dist-cjs/submodules/client/index.js:125:26
    at async S3Backend.listAll (/app/applet/apps/api/src/storage.ts:297:20)
    at async S3Backend.listJson (/app/applet/apps/api/src/storage.ts:269:17)
    at async listProjects (/app/applet/apps/api/src/projects.ts:65:16)
-------------------------------------------
[2026-07-23T06:55:39.982Z] GET /api/projects
Headers: {"host":"127.0.0.1:3001","user-agent":"curl/7.88.1","accept":"*/*","x-forwarded-for":"127.0.0.1","x-forwarded-port":"3000","x-forwarded-proto":"http","x-forwarded-host":"localhost:3000","connection":"close"}
Body: undefined
Error: CredentialsProviderError - Could not load credentials from any providers
Stack: CredentialsProviderError: Could not load credentials from any providers
    at /app/applet/node_modules/.bun/@aws-sdk+credential-provider-node@3.972.71/node_modules/@aws-sdk/credential-provider-node/dist-cjs/index.js:153:15
    at /app/applet/node_modules/.bun/@aws-sdk+credential-provider-node@3.972.71/node_modules/@aws-sdk/credential-provider-node/dist-cjs/index.js:80:26
    at process.processTicksAndRejections (node:internal/process/task_queues:103:5)
    at async provider (/app/applet/node_modules/.bun/@aws-sdk+credential-provider-node@3.972.71/node_modules/@aws-sdk/credential-provider-node/dist-cjs/index.js:47:13)
    at async /app/applet/node_modules/.bun/@smithy+core@3.29.7/node_modules/@smithy/core/dist-cjs/index.js:59:23
    at async /app/applet/node_modules/.bun/@aws-sdk+middleware-sdk-s3@3.972.65/node_modules/@aws-sdk/middleware-sdk-s3/dist-cjs/submodules/s3/index.js:89:20
    at async /app/applet/node_modules/.bun/@aws-sdk+core@3.976.0/node_modules/@aws-sdk/core/dist-cjs/submodules/client/index.js:125:26
    at async S3Backend.listAll (/app/applet/apps/api/src/storage.ts:297:20)
    at async S3Backend.listJson (/app/applet/apps/api/src/storage.ts:269:17)
    at async listProjects (/app/applet/apps/api/src/projects.ts:65:16)
-------------------------------------------
